2024-07-11 11:28:02,512 INFO org.springframework.boot.StartupInfoLogger [main] Starting DaveplacesApplication using Java 17.0.2 on DESKTOP-UUIJ8M9 with PID 9324 (C:\Users\david\eclipse-workspace\daveplaces\target\classes started by david in C:\Users\david\eclipse-workspace\daveplaces)
2024-07-11 11:28:02,532 INFO org.springframework.boot.SpringApplication [main] No active profile set, falling back to 1 default profile: "default"
2024-07-11 11:28:08,561 INFO org.springframework.boot.StartupInfoLogger [main] Started DaveplacesApplication in 6.694 seconds (JVM running for 7.46)
2024-07-11 11:28:48,091 INFO com.daveplaces.DavePlacesController [http-nio-8080-exec-2] User had entered the /start endpoint
2024-07-11 11:35:28,222 INFO org.springframework.boot.StartupInfoLogger [main] Starting DaveplacesApplication using Java 17.0.2 on DESKTOP-UUIJ8M9 with PID 11212 (C:\Users\david\eclipse-workspace\daveplaces\target\classes started by david in C:\Users\david\eclipse-workspace\daveplaces)
2024-07-11 11:35:28,231 INFO org.springframework.boot.SpringApplication [main] No active profile set, falling back to 1 default profile: "default"
2024-07-11 11:35:33,378 INFO org.springframework.boot.StartupInfoLogger [main] Started DaveplacesApplication in 5.872 seconds (JVM running for 6.652)
2024-07-11 11:37:02,815 INFO org.springframework.boot.StartupInfoLogger [main] Starting DaveplacesApplication using Java 17.0.2 on DESKTOP-UUIJ8M9 with PID 13284 (C:\Users\david\eclipse-workspace\daveplaces\target\classes started by david in C:\Users\david\eclipse-workspace\daveplaces)
2024-07-11 11:37:02,823 INFO org.springframework.boot.SpringApplication [main] No active profile set, falling back to 1 default profile: "default"
2024-07-11 11:37:07,634 INFO org.springframework.boot.StartupInfoLogger [main] Started DaveplacesApplication in 5.444 seconds (JVM running for 6.104)
2024-07-11 11:47:59,021 INFO org.springframework.boot.StartupInfoLogger [main] Starting DaveplacesApplication using Java 17.0.2 on DESKTOP-UUIJ8M9 with PID 17236 (C:\Users\david\eclipse-workspace\daveplaces\target\classes started by david in C:\Users\david\eclipse-workspace\daveplaces)
2024-07-11 11:47:59,029 INFO org.springframework.boot.SpringApplication [main] No active profile set, falling back to 1 default profile: "default"
2024-07-11 11:48:03,829 INFO org.springframework.boot.StartupInfoLogger [main] Started DaveplacesApplication in 5.424 seconds (JVM running for 6.065)
2024-07-11 11:48:54,680 ERROR com.daveplaces.DavePlacesController [http-nio-8080-exec-1] not able to save the specimen
org.springframework.dao.DataIntegrityViolationException: could not execute statement; SQL [n/a]; constraint [specimens.PRIMARY]; nested exception is org.hibernate.exception.ConstraintViolationException: could not execute statement
	at org.springframework.orm.jpa.vendor.HibernateJpaDialect.convertHibernateAccessException(HibernateJpaDialect.java:276)
	at org.springframework.orm.jpa.vendor.HibernateJpaDialect.translateExceptionIfPossible(HibernateJpaDialect.java:233)
	at org.springframework.orm.jpa.JpaTransactionManager.doCommit(JpaTransactionManager.java:566)
	at org.springframework.transaction.support.AbstractPlatformTransactionManager.processCommit(AbstractPlatformTransactionManager.java:743)
	at org.springframework.transaction.support.AbstractPlatformTransactionManager.commit(AbstractPlatformTransactionManager.java:711)
	at org.springframework.transaction.interceptor.TransactionAspectSupport.commitTransactionAfterReturning(TransactionAspectSupport.java:654)
	at org.springframework.transaction.interceptor.TransactionAspectSupport.invokeWithinTransaction(TransactionAspectSupport.java:407)
	at org.springframework.transaction.interceptor.TransactionInterceptor.invoke(TransactionInterceptor.java:119)
	at org.springframework.aop.framework.ReflectiveMethodInvocation.proceed(ReflectiveMethodInvocation.java:186)
	at org.springframework.dao.support.PersistenceExceptionTranslationInterceptor.invoke(PersistenceExceptionTranslationInterceptor.java:137)
	at org.springframework.aop.framework.ReflectiveMethodInvocation.proceed(ReflectiveMethodInvocation.java:186)
	at org.springframework.data.jpa.repository.support.CrudMethodMetadataPostProcessor$CrudMethodMetadataPopulatingMethodInterceptor.invoke(CrudMethodMetadataPostProcessor.java:174)
	at org.springframework.aop.framework.ReflectiveMethodInvocation.proceed(ReflectiveMethodInvocation.java:186)
	at org.springframework.aop.interceptor.ExposeInvocationInterceptor.invoke(ExposeInvocationInterceptor.java:97)
	at org.springframework.aop.framework.ReflectiveMethodInvocation.proceed(ReflectiveMethodInvocation.java:186)
	at org.springframework.aop.framework.JdkDynamicAopProxy.invoke(JdkDynamicAopProxy.java:215)
	at jdk.proxy2/jdk.proxy2.$Proxy93.save(Unknown Source)
	at com.daveplaces.dao.SpecimenDAO.save(SpecimenDAO.java:17)
	at com.daveplaces.service.SpecimenService.save(SpecimenService.java:31)
	at com.daveplaces.DavePlacesController.saveSpecimen(DavePlacesController.java:41)
	at java.base/jdk.internal.reflect.NativeMethodAccessorImpl.invoke0(Native Method)
	at java.base/jdk.internal.reflect.NativeMethodAccessorImpl.invoke(NativeMethodAccessorImpl.java:77)
	at java.base/jdk.internal.reflect.DelegatingMethodAccessorImpl.invoke(DelegatingMethodAccessorImpl.java:43)
	at java.base/java.lang.reflect.Method.invoke(Method.java:568)
	at org.springframework.web.method.support.InvocableHandlerMethod.doInvoke(InvocableHandlerMethod.java:205)
	at org.springframework.web.method.support.InvocableHandlerMethod.invokeForRequest(InvocableHandlerMethod.java:150)
	at org.springframework.web.servlet.mvc.method.annotation.ServletInvocableHandlerMethod.invokeAndHandle(ServletInvocableHandlerMethod.java:117)
	at org.springframework.web.servlet.mvc.method.annotation.RequestMappingHandlerAdapter.invokeHandlerMethod(RequestMappingHandlerAdapter.java:895)
	at org.springframework.web.servlet.mvc.method.annotation.RequestMappingHandlerAdapter.handleInternal(RequestMappingHandlerAdapter.java:808)
	at org.springframework.web.servlet.mvc.method.AbstractHandlerMethodAdapter.handle(AbstractHandlerMethodAdapter.java:87)
	at org.springframework.web.servlet.DispatcherServlet.doDispatch(DispatcherServlet.java:1067)
	at org.springframework.web.servlet.DispatcherServlet.doService(DispatcherServlet.java:963)
	at org.springframework.web.servlet.FrameworkServlet.processRequest(FrameworkServlet.java:1006)
	at org.springframework.web.servlet.FrameworkServlet.doGet(FrameworkServlet.java:898)
	at javax.servlet.http.HttpServlet.service(HttpServlet.java:655)
	at org.springframework.web.servlet.FrameworkServlet.service(FrameworkServlet.java:883)
	at javax.servlet.http.HttpServlet.service(HttpServlet.java:764)
	at org.apache.catalina.core.ApplicationFilterChain.internalDoFilter(ApplicationFilterChain.java:227)
	at org.apache.catalina.core.ApplicationFilterChain.doFilter(ApplicationFilterChain.java:162)
	at org.apache.tomcat.websocket.server.WsFilter.doFilter(WsFilter.java:53)
	at org.apache.catalina.core.ApplicationFilterChain.internalDoFilter(ApplicationFilterChain.java:189)
	at org.apache.catalina.core.ApplicationFilterChain.doFilter(ApplicationFilterChain.java:162)
	at org.springframework.web.filter.RequestContextFilter.doFilterInternal(RequestContextFilter.java:100)
	at org.springframework.web.filter.OncePerRequestFilter.doFilter(OncePerRequestFilter.java:117)
	at org.apache.catalina.core.ApplicationFilterChain.internalDoFilter(ApplicationFilterChain.java:189)
	at org.apache.catalina.core.ApplicationFilterChain.doFilter(ApplicationFilterChain.java:162)
	at org.springframework.web.filter.FormContentFilter.doFilterInternal(FormContentFilter.java:93)
	at org.springframework.web.filter.OncePerRequestFilter.doFilter(OncePerRequestFilter.java:117)
	at org.apache.catalina.core.ApplicationFilterChain.internalDoFilter(ApplicationFilterChain.java:189)
	at org.apache.catalina.core.ApplicationFilterChain.doFilter(ApplicationFilterChain.java:162)
	at org.springframework.web.filter.CharacterEncodingFilter.doFilterInternal(CharacterEncodingFilter.java:201)
	at org.springframework.web.filter.OncePerRequestFilter.doFilter(OncePerRequestFilter.java:117)
	at org.apache.catalina.core.ApplicationFilterChain.internalDoFilter(ApplicationFilterChain.java:189)
	at org.apache.catalina.core.ApplicationFilterChain.doFilter(ApplicationFilterChain.java:162)
	at org.apache.catalina.core.StandardWrapperValve.invoke(StandardWrapperValve.java:197)
	at org.apache.catalina.core.StandardContextValve.invoke(StandardContextValve.java:97)
	at org.apache.catalina.authenticator.AuthenticatorBase.invoke(AuthenticatorBase.java:541)
	at org.apache.catalina.core.StandardHostValve.invoke(StandardHostValve.java:135)
	at org.apache.catalina.valves.ErrorReportValve.invoke(ErrorReportValve.java:92)
	at org.apache.catalina.core.StandardEngineValve.invoke(StandardEngineValve.java:78)
	at org.apache.catalina.connector.CoyoteAdapter.service(CoyoteAdapter.java:360)
	at org.apache.coyote.http11.Http11Processor.service(Http11Processor.java:399)
	at org.apache.coyote.AbstractProcessorLight.process(AbstractProcessorLight.java:65)
	at org.apache.coyote.AbstractProtocol$ConnectionHandler.process(AbstractProtocol.java:890)
	at org.apache.tomcat.util.net.NioEndpoint$SocketProcessor.doRun(NioEndpoint.java:1743)
	at org.apache.tomcat.util.net.SocketProcessorBase.run(SocketProcessorBase.java:49)
	at org.apache.tomcat.util.threads.ThreadPoolExecutor.runWorker(ThreadPoolExecutor.java:1191)
	at org.apache.tomcat.util.threads.ThreadPoolExecutor$Worker.run(ThreadPoolExecutor.java:659)
	at org.apache.tomcat.util.threads.TaskThread$WrappingRunnable.run(TaskThread.java:61)
	at java.base/java.lang.Thread.run(Thread.java:833)
Caused by: org.hibernate.exception.ConstraintViolationException: could not execute statement
	at org.hibernate.exception.internal.SQLExceptionTypeDelegate.convert(SQLExceptionTypeDelegate.java:59)
	at org.hibernate.exception.internal.StandardSQLExceptionConverter.convert(StandardSQLExceptionConverter.java:37)
	at org.hibernate.engine.jdbc.spi.SqlExceptionHelper.convert(SqlExceptionHelper.java:113)
	at org.hibernate.engine.jdbc.spi.SqlExceptionHelper.convert(SqlExceptionHelper.java:99)
	at org.hibernate.engine.jdbc.internal.ResultSetReturnImpl.executeUpdate(ResultSetReturnImpl.java:200)
	at org.hibernate.engine.jdbc.batch.internal.NonBatchingBatch.addToBatch(NonBatchingBatch.java:46)
	at org.hibernate.persister.entity.AbstractEntityPersister.insert(AbstractEntityPersister.java:3375)
	at org.hibernate.persister.entity.AbstractEntityPersister.insert(AbstractEntityPersister.java:3908)
	at org.hibernate.action.internal.EntityInsertAction.execute(EntityInsertAction.java:107)
	at org.hibernate.engine.spi.ActionQueue.executeActions(ActionQueue.java:604)
	at org.hibernate.engine.spi.ActionQueue.lambda$executeActions$1(ActionQueue.java:478)
	at java.base/java.util.LinkedHashMap.forEach(LinkedHashMap.java:721)
	at org.hibernate.engine.spi.ActionQueue.executeActions(ActionQueue.java:475)
	at org.hibernate.event.internal.AbstractFlushingEventListener.performExecutions(AbstractFlushingEventListener.java:344)
	at org.hibernate.event.internal.DefaultFlushEventListener.onFlush(DefaultFlushEventListener.java:40)
	at org.hibernate.event.service.internal.EventListenerGroupImpl.fireEventOnEachListener(EventListenerGroupImpl.java:107)
	at org.hibernate.internal.SessionImpl.doFlush(SessionImpl.java:1407)
	at org.hibernate.internal.SessionImpl.managedFlush(SessionImpl.java:489)
	at org.hibernate.internal.SessionImpl.flushBeforeTransactionCompletion(SessionImpl.java:3290)
	at org.hibernate.internal.SessionImpl.beforeTransactionCompletion(SessionImpl.java:2425)
	at org.hibernate.engine.jdbc.internal.JdbcCoordinatorImpl.beforeTransactionCompletion(JdbcCoordinatorImpl.java:449)
	at org.hibernate.resource.transaction.backend.jdbc.internal.JdbcResourceLocalTransactionCoordinatorImpl.beforeCompletionCallback(JdbcResourceLocalTransactionCoordinatorImpl.java:183)
	at org.hibernate.resource.transaction.backend.jdbc.internal.JdbcResourceLocalTransactionCoordinatorImpl.access$300(JdbcResourceLocalTransactionCoordinatorImpl.java:40)
	at org.hibernate.resource.transaction.backend.jdbc.internal.JdbcResourceLocalTransactionCoordinatorImpl$TransactionDriverControlImpl.commit(JdbcResourceLocalTransactionCoordinatorImpl.java:281)
	at org.hibernate.engine.transaction.internal.TransactionImpl.commit(TransactionImpl.java:101)
	at org.springframework.orm.jpa.JpaTransactionManager.doCommit(JpaTransactionManager.java:562)
	... 67 common frames omitted
Caused by: java.sql.SQLIntegrityConstraintViolationException: Duplicate entry '2' for key 'specimens.PRIMARY'
	at com.mysql.cj.jdbc.exceptions.SQLError.createSQLException(SQLError.java:117)
	at com.mysql.cj.jdbc.exceptions.SQLExceptionsMapping.translateException(SQLExceptionsMapping.java:122)
	at com.mysql.cj.jdbc.ClientPreparedStatement.executeInternal(ClientPreparedStatement.java:916)
	at com.mysql.cj.jdbc.ClientPreparedStatement.executeUpdateInternal(ClientPreparedStatement.java:1061)
	at com.mysql.cj.jdbc.ClientPreparedStatement.executeUpdateInternal(ClientPreparedStatement.java:1009)
	at com.mysql.cj.jdbc.ClientPreparedStatement.executeLargeUpdate(ClientPreparedStatement.java:1320)
	at com.mysql.cj.jdbc.ClientPreparedStatement.executeUpdate(ClientPreparedStatement.java:994)
	at com.zaxxer.hikari.pool.ProxyPreparedStatement.executeUpdate(ProxyPreparedStatement.java:61)
	at com.zaxxer.hikari.pool.HikariProxyPreparedStatement.executeUpdate(HikariProxyPreparedStatement.java)
	at org.hibernate.engine.jdbc.internal.ResultSetReturnImpl.executeUpdate(ResultSetReturnImpl.java:197)
	... 88 common frames omitted
2024-07-11 11:50:38,834 INFO org.springframework.boot.StartupInfoLogger [main] Starting DaveplacesApplication using Java 17.0.2 on DESKTOP-UUIJ8M9 with PID 9020 (C:\Users\david\eclipse-workspace\daveplaces\target\classes started by david in C:\Users\david\eclipse-workspace\daveplaces)
2024-07-11 11:50:38,842 INFO org.springframework.boot.SpringApplication [main] No active profile set, falling back to 1 default profile: "default"
2024-07-11 11:50:43,567 INFO org.springframework.boot.StartupInfoLogger [main] Started DaveplacesApplication in 5.378 seconds (JVM running for 6.037)
2024-07-11 11:52:42,649 INFO org.springframework.boot.StartupInfoLogger [main] Starting DaveplacesApplication using Java 17.0.2 on DESKTOP-UUIJ8M9 with PID 7864 (C:\Users\david\eclipse-workspace\daveplaces\target\classes started by david in C:\Users\david\eclipse-workspace\daveplaces)
2024-07-11 11:52:42,656 INFO org.springframework.boot.SpringApplication [main] No active profile set, falling back to 1 default profile: "default"
2024-07-11 11:52:47,394 INFO org.springframework.boot.StartupInfoLogger [main] Started DaveplacesApplication in 5.368 seconds (JVM running for 6.011)
2024-07-11 11:53:04,986 INFO com.daveplaces.DavePlacesController [http-nio-8080-exec-1] User had entered the /start endpoint
2024-07-11 11:54:32,805 INFO org.springframework.boot.StartupInfoLogger [main] Starting DaveplacesApplication using Java 17.0.2 on DESKTOP-UUIJ8M9 with PID 16496 (C:\Users\david\eclipse-workspace\daveplaces\target\classes started by david in C:\Users\david\eclipse-workspace\daveplaces)
2024-07-11 11:54:32,812 INFO org.springframework.boot.SpringApplication [main] No active profile set, falling back to 1 default profile: "default"
2024-07-11 11:54:37,617 INFO org.springframework.boot.StartupInfoLogger [main] Started DaveplacesApplication in 5.408 seconds (JVM running for 6.048)
2024-07-11 11:54:37,821 INFO com.daveplaces.DavePlacesController [http-nio-8080-exec-2] User had entered the /start endpoint
2024-07-11 12:01:45,749 INFO org.springframework.boot.StartupInfoLogger [main] Starting DaveplacesApplication using Java 17.0.2 on DESKTOP-UUIJ8M9 with PID 11544 (C:\Users\david\eclipse-workspace\daveplaces\target\classes started by david in C:\Users\david\eclipse-workspace\daveplaces)
2024-07-11 12:01:45,759 INFO org.springframework.boot.SpringApplication [main] No active profile set, falling back to 1 default profile: "default"
2024-07-11 12:01:50,615 INFO org.springframework.boot.StartupInfoLogger [main] Started DaveplacesApplication in 5.486 seconds (JVM running for 6.148)
2024-07-11 12:07:40,303 INFO org.springframework.boot.StartupInfoLogger [main] Starting DaveplacesApplication using Java 17.0.2 on DESKTOP-UUIJ8M9 with PID 8268 (C:\Users\david\eclipse-workspace\daveplaces\target\classes started by david in C:\Users\david\eclipse-workspace\daveplaces)
2024-07-11 12:07:40,312 INFO org.springframework.boot.SpringApplication [main] No active profile set, falling back to 1 default profile: "default"
2024-07-11 12:07:45,179 INFO org.springframework.boot.StartupInfoLogger [main] Started DaveplacesApplication in 5.514 seconds (JVM running for 6.186)
